2025-08-20 01:27:54 - EVENT:UPLOAD; filename=Understanding-MEFA-Supporting-Students-Through-Educational-Financing.png; type=image/png; size_kb=505.23
2025-08-20 01:28:02 - EVENT:UPLOAD; filename=Understanding-MEFA-Supporting-Students-Through-Educational-Financing.png; type=image/png; size_kb=505.23
2025-08-20 01:30:03 - EVENT:UPLOAD; filename=Understanding-MEFA-Supporting-Students-Through-Educational-Financing.png; type=image/png; size_kb=505.23
2025-08-20 01:30:05 - EVENT:UPLOAD; filename=Understanding-MEFA-Supporting-Students-Through-Educational-Financing.png; type=image/png; size_kb=505.23
2025-08-20 01:30:07 - EVENT:UPLOAD; filename=Understanding-MEFA-Supporting-Students-Through-Educational-Financing.png; type=image/png; size_kb=505.23
2025-08-20 01:30:21 - EVENT:UPLOAD; filename=Understanding-MEFA-Supporting-Students-Through-Educational-Financing.png; type=image/png; size_kb=505.23
2025-08-20 01:30:23 - EVENT:UPLOAD; filename=Understanding-MEFA-Supporting-Students-Through-Educational-Financing.png; type=image/png; size_kb=505.23
2025-08-20 01:30:25 - EVENT:UPLOAD; filename=Understanding-MEFA-Supporting-Students-Through-Educational-Financing.png; type=image/png; size_kb=505.23
2025-08-20 01:30:40 - EVENT:UPLOAD; filename=page_1.jpg; type=image/jpeg; size_kb=234.92
2025-08-20 01:30:43 - EVENT:UPLOAD; filename=page_1.jpg; type=image/jpeg; size_kb=234.92
2025-08-20 01:31:03 - EVENT:PARSE; filename=page_1
2025-08-20 01:31:03 - EVENT:TABLES_FOUND; filename=page_1; count=2
2025-08-20 01:31:15 - EVENT:SUMMARY_GEN; filename=page_1; status=success
2025-08-20 01:32:30 - EVENT:UPLOAD; filename=Understanding-MEFA-Supporting-Students-Through-Educational-Financing.png; type=image/png; size_kb=505.23
2025-08-20 01:35:23 - EVENT:UPLOAD; filename=page_1.jpg; type=image/jpeg; size_kb=234.92
2025-08-20 01:35:24 - EVENT:UPLOAD; filename=page_1.jpg; type=image/jpeg; size_kb=234.92
2025-08-20 01:35:51 - EVENT:UPLOAD; filename=Understanding-MEFA-Supporting-Students-Through-Educational-Financing.png; type=image/png; size_kb=505.23
2025-08-20 01:35:52 - EVENT:UPLOAD; filename=Understanding-MEFA-Supporting-Students-Through-Educational-Financing.png; type=image/png; size_kb=505.23
2025-08-20 01:36:11 - EVENT:UPLOAD; filename=Understanding-MEFA-Supporting-Students-Through-Educational-Financing.png; type=image/png; size_kb=505.23
2025-08-20 01:36:28 - EVENT:UPLOAD; filename=page_1.jpg; type=image/jpeg; size_kb=234.92
2025-08-20 01:38:17 - EVENT:UPLOAD; filename=page_1.jpg; type=image/jpeg; size_kb=234.92
2025-08-20 01:38:21 - EVENT:UPLOAD; filename=page_1.jpg; type=image/jpeg; size_kb=234.92
2025-08-20 01:38:48 - EVENT:UPLOAD; filename=Understanding-MEFA-Supporting-Students-Through-Educational-Financing.png; type=image/png; size_kb=505.23
2025-08-20 01:38:50 - EVENT:UPLOAD; filename=Understanding-MEFA-Supporting-Students-Through-Educational-Financing.png; type=image/png; size_kb=505.23
2025-08-20 01:41:41 - EVENT:UPLOAD; filename=page_1.jpg; type=image/jpeg; size_kb=234.92
2025-08-20 01:41:43 - EVENT:UPLOAD; filename=page_1.jpg; type=image/jpeg; size_kb=234.92
2025-08-20 01:42:06 - EVENT:UPLOAD; filename=Understanding-MEFA-Supporting-Students-Through-Educational-Financing.png; type=image/png; size_kb=505.23
2025-08-20 01:42:07 - EVENT:UPLOAD; filename=Understanding-MEFA-Supporting-Students-Through-Educational-Financing.png; type=image/png; size_kb=505.23
2025-08-20 01:44:07 - EVENT:UPLOAD; filename=page_1.jpg; type=image/jpeg; size_kb=234.92
2025-08-20 01:44:08 - EVENT:UPLOAD; filename=page_1.jpg; type=image/jpeg; size_kb=234.92
2025-08-20 01:44:23 - EVENT:UPLOAD; filename=Understanding-MEFA-Supporting-Students-Through-Educational-Financing.png; type=image/png; size_kb=505.23
2025-08-20 01:44:24 - EVENT:UPLOAD; filename=Understanding-MEFA-Supporting-Students-Through-Educational-Financing.png; type=image/png; size_kb=505.23
2025-08-20 01:46:59 - EVENT:UPLOAD; filename=page_1.jpg; type=image/jpeg; size_kb=234.92
2025-08-20 01:47:02 - EVENT:UPLOAD; filename=page_1.jpg; type=image/jpeg; size_kb=234.92
2025-08-20 01:47:04 - EVENT:UPLOAD; filename=page_1.jpg; type=image/jpeg; size_kb=234.92
2025-08-20 01:47:16 - EVENT:UPLOAD; filename=Understanding-MEFA-Supporting-Students-Through-Educational-Financing.png; type=image/png; size_kb=505.23
2025-08-20 01:47:18 - EVENT:UPLOAD; filename=Understanding-MEFA-Supporting-Students-Through-Educational-Financing.png; type=image/png; size_kb=505.23
2025-08-20 01:49:07 - EVENT:UPLOAD; filename=page_1.jpg; type=image/jpeg; size_kb=234.92
2025-08-20 01:49:08 - EVENT:UPLOAD; filename=page_1.jpg; type=image/jpeg; size_kb=234.92
2025-08-20 01:49:28 - EVENT:UPLOAD; filename=Understanding-MEFA-Supporting-Students-Through-Educational-Financing.png; type=image/png; size_kb=505.23
2025-08-20 01:49:29 - EVENT:UPLOAD; filename=Understanding-MEFA-Supporting-Students-Through-Educational-Financing.png; type=image/png; size_kb=505.23
2025-08-20 01:49:53 - EVENT:UPLOAD; filename=Understanding-MEFA-Supporting-Students-Through-Educational-Financing.png; type=image/png; size_kb=505.23
2025-08-20 01:50:06 - EVENT:UPLOAD; filename=Understanding-MEFA-Supporting-Students-Through-Educational-Financing.png; type=image/png; size_kb=505.23
2025-08-20 01:51:53 - EVENT:UPLOAD; filename=page_1.jpg; type=image/jpeg; size_kb=234.92
2025-08-20 01:51:55 - EVENT:UPLOAD; filename=page_1.jpg; type=image/jpeg; size_kb=234.92
2025-08-20 01:52:22 - EVENT:UPLOAD; filename=Understanding-MEFA-Supporting-Students-Through-Educational-Financing.png; type=image/png; size_kb=505.23
2025-08-20 01:52:23 - EVENT:UPLOAD; filename=Understanding-MEFA-Supporting-Students-Through-Educational-Financing.png; type=image/png; size_kb=505.23
2025-08-20 01:54:54 - EVENT:UPLOAD; filename=page_1.jpg; type=image/jpeg; size_kb=234.92
2025-08-20 01:54:55 - EVENT:UPLOAD; filename=page_1.jpg; type=image/jpeg; size_kb=234.92
2025-08-20 01:56:56 - EVENT:UPLOAD; filename=page_1.jpg; type=image/jpeg; size_kb=234.92
2025-08-20 01:56:58 - EVENT:UPLOAD; filename=page_1.jpg; type=image/jpeg; size_kb=234.92
2025-08-20 01:57:00 - EVENT:UPLOAD; filename=page_1.jpg; type=image/jpeg; size_kb=234.92
2025-08-20 01:57:02 - EVENT:UPLOAD; filename=page_1.jpg; type=image/jpeg; size_kb=234.92
2025-08-20 01:57:08 - EVENT:UPLOAD; filename=page_1.jpg; type=image/jpeg; size_kb=234.92
2025-08-20 01:57:10 - EVENT:UPLOAD; filename=page_1.jpg; type=image/jpeg; size_kb=234.92
2025-08-20 01:57:14 - EVENT:UPLOAD; filename=Understanding-MEFA-Supporting-Students-Through-Educational-Financing.png; type=image/png; size_kb=505.23
2025-08-20 01:57:15 - EVENT:UPLOAD; filename=Understanding-MEFA-Supporting-Students-Through-Educational-Financing.png; type=image/png; size_kb=505.23
2025-08-20 01:58:35 - EVENT:UPLOAD; filename=page_1.jpg; type=image/jpeg; size_kb=234.92
2025-08-20 01:58:49 - EVENT:UPLOAD; filename=page_1.jpg; type=image/jpeg; size_kb=234.92
2025-08-20 01:58:50 - EVENT:UPLOAD; filename=page_1.jpg; type=image/jpeg; size_kb=234.92
2025-08-20 01:58:57 - EVENT:UPLOAD; filename=Understanding-MEFA-Supporting-Students-Through-Educational-Financing.png; type=image/png; size_kb=505.23
2025-08-20 01:58:59 - EVENT:UPLOAD; filename=Understanding-MEFA-Supporting-Students-Through-Educational-Financing.png; type=image/png; size_kb=505.23
2025-08-20 01:59:25 - EVENT:UPLOAD; filename=page_1.jpg; type=image/jpeg; size_kb=234.92
2025-08-20 01:59:26 - EVENT:UPLOAD; filename=page_1.jpg; type=image/jpeg; size_kb=234.92
2025-08-20 01:59:35 - EVENT:UPLOAD; filename=Understanding-MEFA-Supporting-Students-Through-Educational-Financing.png; type=image/png; size_kb=505.23
2025-08-20 01:59:37 - EVENT:UPLOAD; filename=Understanding-MEFA-Supporting-Students-Through-Educational-Financing.png; type=image/png; size_kb=505.23
